Performing C SOURCE FILE Test CMAKE_HAVE_LIBC_PTHREAD failed with the following output:
Change Dir: /home/dqs/桌面/c++ 部署yolov5到openvino/build/CMakeFiles/CMakeScratch/TryCompile-O5Hlqs

Run Build Command(s):/usr/bin/make -f Makefile cmTC_e04a2/fast && /usr/bin/make  -f CMakeFiles/cmTC_e04a2.dir/build.make CMakeFiles/cmTC_e04a2.dir/build
make[1]: 进入目录“/home/dqs/桌面/c++ 部署yolov5到openvino/build/CMakeFiles/CMakeScratch/TryCompile-O5Hlqs”
Building C object CMakeFiles/cmTC_e04a2.dir/src.c.o
/usr/bin/cc -DCMAKE_HAVE_LIBC_PTHREAD   -o CMakeFiles/cmTC_e04a2.dir/src.c.o -c "/home/dqs/桌面/c++ 部署yolov5到openvino/build/CMakeFiles/CMakeScratch/TryCompile-O5Hlqs/src.c"
Linking C executable cmTC_e04a2
/usr/bin/cmake -E cmake_link_script CMakeFiles/cmTC_e04a2.dir/link.txt --verbose=1
/usr/bin/cc CMakeFiles/cmTC_e04a2.dir/src.c.o -o cmTC_e04a2 
/usr/bin/ld: CMakeFiles/cmTC_e04a2.dir/src.c.o: in function `main':
src.c:(.text+0x46): undefined reference to `pthread_create'
/usr/bin/ld: src.c:(.text+0x52): undefined reference to `pthread_detach'
/usr/bin/ld: src.c:(.text+0x5e): undefined reference to `pthread_cancel'
/usr/bin/ld: src.c:(.text+0x6f): undefined reference to `pthread_join'
collect2: error: ld returned 1 exit status
make[1]: *** [CMakeFiles/cmTC_e04a2.dir/build.make:99：cmTC_e04a2] 错误 1
make[1]: 离开目录“/home/dqs/桌面/c++ 部署yolov5到openvino/build/CMakeFiles/CMakeScratch/TryCompile-O5Hlqs”
make: *** [Makefile:127：cmTC_e04a2/fast] 错误 2


Source file was:
#include <pthread.h>

static void* test_func(void* data)
{
  return data;
}

int main(void)
{
  pthread_t thread;
  pthread_create(&thread, NULL, test_func, NULL);
  pthread_detach(thread);
  pthread_cancel(thread);
  pthread_join(thread, NULL);
  pthread_atfork(NULL, NULL, NULL);
  pthread_exit(NULL);

  return 0;
}


Determining if the function pthread_create exists in the pthreads failed with the following output:
Change Dir: /home/dqs/桌面/c++ 部署yolov5到openvino/build/CMakeFiles/CMakeScratch/TryCompile-1bQoCs

Run Build Command(s):/usr/bin/make -f Makefile cmTC_570eb/fast && /usr/bin/make  -f CMakeFiles/cmTC_570eb.dir/build.make CMakeFiles/cmTC_570eb.dir/build
make[1]: 进入目录“/home/dqs/桌面/c++ 部署yolov5到openvino/build/CMakeFiles/CMakeScratch/TryCompile-1bQoCs”
Building C object CMakeFiles/cmTC_570eb.dir/CheckFunctionExists.c.o
/usr/bin/cc   -DCHECK_FUNCTION_EXISTS=pthread_create -o CMakeFiles/cmTC_570eb.dir/CheckFunctionExists.c.o -c "/home/dqs/桌面/c++ 部署yolov5到openvino/build/CMakeFiles/CMakeScratch/TryCompile-1bQoCs/CheckFunctionExists.c"
Linking C executable cmTC_570eb
/usr/bin/cmake -E cmake_link_script CMakeFiles/cmTC_570eb.dir/link.txt --verbose=1
/usr/bin/cc  -DCHECK_FUNCTION_EXISTS=pthread_create CMakeFiles/cmTC_570eb.dir/CheckFunctionExists.c.o -o cmTC_570eb  -lpthreads 
/usr/bin/ld: 找不到 -lpthreads
collect2: error: ld returned 1 exit status
make[1]: *** [CMakeFiles/cmTC_570eb.dir/build.make:99：cmTC_570eb] 错误 1
make[1]: 离开目录“/home/dqs/桌面/c++ 部署yolov5到openvino/build/CMakeFiles/CMakeScratch/TryCompile-1bQoCs”
make: *** [Makefile:127：cmTC_570eb/fast] 错误 2



